<?xml version="1.0" encoding="UTF-8"?>
<!-- Generated by org.testng.reporters.JUnitXMLReporter -->
<testsuite ignored="0" hostname="Admin" failures="0" tests="3" name="Default test" time="18.02" errors="0" timestamp="11 Sep 2022 17:01:14 GMT">
  <testcase classname="com.bankguru.TC_Login" name="TC_01_Login_Empty_Username_Password" time="0.439"/>
  <testcase classname="com.bankguru.TC_Login" name="TC_02_Login_Incorrect_Username_Password" time="1.392"/>
  <testcase classname="com.bankguru.TC_Login" name="TC_03_Login_Successfully" time="2.091"/>
</testsuite> <!-- Default test -->
