<?xml version="1.0" encoding="UTF-8"?>
<testsuite name="Run on chrome"
           tests="9"
           failures="0"
           errors="0"
           skipped="0"
           time="5.490">
  <properties />
  
  
            <testcase name="TC_06_Advanced_Search_Parent_Category" time="0.664" classname="com.nopcommerce.user.TC_Search_Advanced" />
                <testcase name="TC_02_Search_Less_Than_3_Characters" time="0.481" classname="com.nopcommerce.user.TC_Search_Advanced" />
                <testcase name="TC_09_Advanced_Search_Correct_Manufacturer" time="0.767" classname="com.nopcommerce.user.TC_Search_Advanced" />
                <testcase name="TC_05_Absolute_Search_With_Product_Name" time="0.504" classname="com.nopcommerce.user.TC_Search_Advanced" />
                <testcase name="TC_07_Advanced_Search_Sub_Category" time="0.724" classname="com.nopcommerce.user.TC_Search_Advanced" />
                <testcase name="TC_08_Advanced_Search_Incorrect_Manufacturer" time="0.792" classname="com.nopcommerce.user.TC_Search_Advanced" />
                <testcase name="TC_04_Relative_Search_With_Product_Name" time="0.590" classname="com.nopcommerce.user.TC_Search_Advanced" />
                <testcase name="TC_01_Search_Empty_Data" time="0.463" classname="com.nopcommerce.user.TC_Search_Advanced" />
                <testcase name="TC_03_Search_Return_No_Value" time="0.505" classname="com.nopcommerce.user.TC_Search_Advanced" />
      
</testsuite>
