<?xml version="1.0" encoding="UTF-8"?>
<testsuite name="Run on chrome"
           tests="6"
           failures="0"
           errors="0"
           skipped="0"
           time="5.482">
  <properties />
  
  
            <testcase name="TC_01_Login_Empty" time="0.828" classname="com.nopcommerce.user.TC_Login" />
                <testcase name="TC_03_Login_Not_Registered_Email" time="1.011" classname="com.nopcommerce.user.TC_Login" />
                <testcase name="TC_05_Login_With_Wrong_Password" time="1.079" classname="com.nopcommerce.user.TC_Login" />
                <testcase name="TC_02_Login_Invalid_Email" time="0.513" classname="com.nopcommerce.user.TC_Login" />
                <testcase name="TC_04_Login_With_Empty_Password" time="0.822" classname="com.nopcommerce.user.TC_Login" />
                <testcase name="TC_06_Login_Successfully" time="1.229" classname="com.nopcommerce.user.TC_Login" />
      
</testsuite>
