<?xml version="1.0" encoding="UTF-8"?>
<testsuite name="Run on chrome"
           tests="5"
           failures="0"
           errors="0"
           skipped="0"
           time="2.300">
  <properties />
  
  
            <testcase name="TC_02_Search_Less_Than_3_Characters" time="0.622" classname="com.nopcommerce.user.TC_Search_With_SearchBar" />
                <testcase name="TC_04_Search_Return_Multiple_Value" time="0.576" classname="com.nopcommerce.user.TC_Search_With_SearchBar" />
                <testcase name="TC_01_Search_Empty_Data" time="0.092" classname="com.nopcommerce.user.TC_Search_With_SearchBar" />
                <testcase name="TC_05_Search_Return_One_Value" time="0.487" classname="com.nopcommerce.user.TC_Search_With_SearchBar" />
                <testcase name="TC_03_Search_Return_No_Value" time="0.523" classname="com.nopcommerce.user.TC_Search_With_SearchBar" />
      
</testsuite>
