<?xml version="1.0" encoding="UTF-8"?>
<testsuite name="Run on chrome"
           tests="3"
           failures="0"
           errors="0"
           skipped="0"
           time="6.304">
  <properties />
  
  
            <testcase name="TC_01_Change_Password" time="4.117" classname="com.nopcommerce.user.TC_Change_Password" />
                <testcase name="TC_03_Login_Successfully_With_New_Password" time="1.240" classname="com.nopcommerce.user.TC_Change_Password" />
                <testcase name="TC_02_Login_Falied_With_Old_Password" time="0.947" classname="com.nopcommerce.user.TC_Change_Password" />
      
</testsuite>
