<?xml version="1.0" encoding="UTF-8"?>
<testsuite name="Run on chrome"
           tests="6"
           failures="0"
           errors="0"
           skipped="0"
           time="64.731">
  <properties />
  
  
            <testcase name="TC_06_Reorder" time="14.629" classname="com.nopcommerce.user.TC_Order" />
                <testcase name="TC_01_Add_Product_To_Cart" time="9.685" classname="com.nopcommerce.user.TC_Order" />
                <testcase name="TC_03_Remove_Product" time="6.730" classname="com.nopcommerce.user.TC_Order" />
                <testcase name="TC_02_Edit_Product" time="4.404" classname="com.nopcommerce.user.TC_Order" />
                <testcase name="TC_05_Checkout_With_Credit_Card" time="19.542" classname="com.nopcommerce.user.TC_Order" />
                <testcase name="TC_04_Update_Product_Quantity" time="9.741" classname="com.nopcommerce.user.TC_Order" />
      
</testsuite>
