<?xml version="1.0" encoding="UTF-8"?>
<!-- Generated by org.testng.reporters.JUnitXMLReporter -->
<testsuite ignored="4" hostname="Admin" failures="0" tests="14" name="Run on chrome" time="20.863" errors="0" timestamp="21 May 2022 11:02:03 GMT">
  <testcase classname="com.nopcommerce.user.TC_Search_With_SearchBar" name="TC_01_Search_Empty_Data" time="0.094"/>
  <testcase classname="com.nopcommerce.user.TC_Search_With_SearchBar" name="TC_02_Search_Less_Than_3_Characters" time="0.573"/>
  <testcase classname="com.nopcommerce.user.TC_Search_With_SearchBar" name="TC_03_Search_Return_No_Value" time="0.512"/>
  <testcase classname="com.nopcommerce.user.TC_Search_With_SearchBar" name="TC_04_Search_Return_Multiple_Value" time="0.562"/>
  <testcase classname="com.nopcommerce.user.TC_Search_With_SearchBar" name="TC_05_Search_Return_One_Value" time="0.498"/>
  <testcase classname="com.nopcommerce.user.TC_Search_Advanced" name="TC_01_Search_Empty_Data" time="0.45"/>
  <testcase classname="com.nopcommerce.user.TC_Search_Advanced" name="TC_02_Search_Less_Than_3_Characters" time="0.489"/>
  <testcase classname="com.nopcommerce.user.TC_Search_Advanced" name="TC_03_Search_Return_No_Value" time="0.499"/>
  <testcase classname="com.nopcommerce.user.TC_Search_Advanced" name="TC_04_Relative_Search_With_Product_Name" time="0.558"/>
  <testcase classname="com.nopcommerce.user.TC_Search_Advanced" name="TC_05_Absolute_Search_With_Product_Name" time="0.508"/>
  <testcase classname="com.nopcommerce.user.TC_Search_Advanced" name="TC_06_Advanced_Search_Parent_Category" time="0.604"/>
  <testcase classname="com.nopcommerce.user.TC_Search_Advanced" name="TC_07_Advanced_Search_Sub_Category" time="0.605"/>
  <testcase classname="com.nopcommerce.user.TC_Search_Advanced" name="TC_08_Advanced_Search_Incorrect_Manufacturer" time="0.609"/>
  <testcase classname="com.nopcommerce.user.TC_Search_Advanced" name="TC_09_Advanced_Search_Correct_Manufacturer" time="0.605"/>
  <testcase classname="commons.BaseTest" name="@AfterSuite cleanExecutableDriver" time="0.0">
    <ignored/>
  </testcase> <!-- @AfterSuite cleanExecutableDriver -->
  <testcase classname="commons.BaseTest" name="@AfterSuite cleanExecutableDriver" time="0.0">
    <ignored/>
  </testcase> <!-- @AfterSuite cleanExecutableDriver -->
  <testcase classname="commons.BaseTest" name="@BeforeSuite beforeSuit" time="0.0">
    <ignored/>
  </testcase> <!-- @BeforeSuite beforeSuit -->
  <testcase classname="commons.BaseTest" name="@BeforeSuite beforeSuit" time="0.0">
    <ignored/>
  </testcase> <!-- @BeforeSuite beforeSuit -->
</testsuite> <!-- Run on chrome -->
