<?xml version="1.0" encoding="UTF-8"?>
<testng-results ignored="0" total="1" passed="1" failed="0" skipped="0">
  <reporter-output>
    <line>
      <![CDATA[[INFO ] [2022-06-03 00:12:01,463] Step 1: Click Register Link
<br>]]>
    </line>
    <line>
      <![CDATA[[INFO ] [2022-06-03 00:12:01,951] Step 2: Select radio button Male
<br>]]>
    </line>
    <line>
      <![CDATA[[INFO ] [2022-06-03 00:12:02,001] Step 3: Input First Name
<br>]]>
    </line>
    <line>
      <![CDATA[[INFO ] [2022-06-03 00:12:02,067] Step 4: Input Last Name
<br>]]>
    </line>
    <line>
      <![CDATA[[INFO ] [2022-06-03 00:12:02,131] Step 5: Select Birthday Date: day, month, year
<br>]]>
    </line>
    <line>
      <![CDATA[[INFO ] [2022-06-03 00:12:03,507] Step 5: Input company name
<br>]]>
    </line>
    <line>
      <![CDATA[[INFO ] [2022-06-03 00:12:03,567] Step 6: Input email address
<br>]]>
    </line>
    <line>
      <![CDATA[[INFO ] [2022-06-03 00:12:03,625] Step 7: Input password
<br>]]>
    </line>
    <line>
      <![CDATA[[INFO ] [2022-06-03 00:12:03,687] Step 8: Input confirm password
<br>]]>
    </line>
    <line>
      <![CDATA[[INFO ] [2022-06-03 00:12:03,748] Step 9: Click Register button
<br>]]>
    </line>
    <line>
      <![CDATA[[INFO ] [2022-06-03 00:12:04,528] Step 10: Verify register's success message
<br>]]>
    </line>
    <line>
      <![CDATA[[INFO ] [2022-06-03 00:12:04,556]  -------------------------- PASSED -------------------------- 
<br>]]>
    </line>
    <line>
      <![CDATA[[INFO ] [2022-06-03 00:12:08,151] OS name = windows 10
<br>]]>
    </line>
    <line>
      <![CDATA[[INFO ] [2022-06-03 00:12:08,152] Driver instance name = chromedriver: chrome on windows (1a517536baa98dd5b2b315991c62b3cf)
<br>]]>
    </line>
    <line>
      <![CDATA[[INFO ] [2022-06-03 00:12:08,836] Close all drivers after suite
<br>]]>
    </line>
    <line>
      <![CDATA[[INFO ] [2022-06-03 00:12:08,836] OS name = windows 10
<br>]]>
    </line>
    <line>
      <![CDATA[[INFO ] [2022-06-03 00:12:08,836] Driver instance name = chromedriver: chrome on windows (null)
<br>]]>
    </line>
    <line>
      <![CDATA[[INFO ] [2022-06-03 00:12:08,837] Session ID is null. Using WebDriver after calling quit()?
Build info: version: '3.141.59', revision: 'e82be7d358', time: '2018-11-14T08:17:03'
System info: host: 'ADMIN', ip: '192.168.1.106', os.name: 'Windows 10', os.arch: 'amd64', os.version: '10.0', java.version: '15.0.2'
Driver info: driver.version: RemoteWebDriver
<br>]]>
    </line>
  </reporter-output>
  <suite started-at="2022-06-02T17:11:58Z" name="Default suite" finished-at="2022-06-02T17:12:08Z" duration-ms="10656">
    <groups>
    </groups>
    <test started-at="2022-06-02T17:11:58Z" name="Default test" finished-at="2022-06-02T17:12:08Z" duration-ms="10656">
      <class name="com.nopcommerce.user.TC_Wishlist_Compare_Recent_View">
        <test-method is-config="true" signature="beforeSuit()[pri:0, instance:com.nopcommerce.user.TC_Wishlist_Compare_Recent_View@46d9aec8]" started-at="2022-06-02T17:11:58Z" name="beforeSuit" finished-at="2022-06-02T17:11:58Z" duration-ms="17" status="PASS">
          <reporter-output>
          </reporter-output>
        </test-method> <!-- beforeSuit -->
        <test-method is-config="true" signature="beforeClass()[pri:0, instance:com.nopcommerce.user.TC_Wishlist_Compare_Recent_View@46d9aec8]" started-at="2022-06-02T17:11:58Z" name="beforeClass" finished-at="2022-06-02T17:12:04Z" duration-ms="6377" status="PASS">
          <reporter-output>
            <line>
              <![CDATA[[INFO ] [2022-06-03 00:12:01,463] Step 1: Click Register Link
<br>]]>
            </line>
            <line>
              <![CDATA[[INFO ] [2022-06-03 00:12:01,951] Step 2: Select radio button Male
<br>]]>
            </line>
            <line>
              <![CDATA[[INFO ] [2022-06-03 00:12:02,001] Step 3: Input First Name
<br>]]>
            </line>
            <line>
              <![CDATA[[INFO ] [2022-06-03 00:12:02,067] Step 4: Input Last Name
<br>]]>
            </line>
            <line>
              <![CDATA[[INFO ] [2022-06-03 00:12:02,131] Step 5: Select Birthday Date: day, month, year
<br>]]>
            </line>
            <line>
              <![CDATA[[INFO ] [2022-06-03 00:12:03,507] Step 5: Input company name
<br>]]>
            </line>
            <line>
              <![CDATA[[INFO ] [2022-06-03 00:12:03,567] Step 6: Input email address
<br>]]>
            </line>
            <line>
              <![CDATA[[INFO ] [2022-06-03 00:12:03,625] Step 7: Input password
<br>]]>
            </line>
            <line>
              <![CDATA[[INFO ] [2022-06-03 00:12:03,687] Step 8: Input confirm password
<br>]]>
            </line>
            <line>
              <![CDATA[[INFO ] [2022-06-03 00:12:03,748] Step 9: Click Register button
<br>]]>
            </line>
            <line>
              <![CDATA[[INFO ] [2022-06-03 00:12:04,528] Step 10: Verify register's success message
<br>]]>
            </line>
            <line>
              <![CDATA[[INFO ] [2022-06-03 00:12:04,556]  -------------------------- PASSED -------------------------- 
<br>]]>
            </line>
          </reporter-output>
        </test-method> <!-- beforeClass -->
        <test-method signature="TC_03_Check_Empty_Wishlist(java.lang.reflect.Method)[pri:0, instance:com.nopcommerce.user.TC_Wishlist_Compare_Recent_View@46d9aec8]" started-at="2022-06-02T17:12:04Z" name="TC_03_Check_Empty_Wishlist" finished-at="2022-06-02T17:12:08Z" duration-ms="3541" status="PASS">
          <params>
            <param index="0">
              <value>
                <![CDATA[public void com.nopcommerce.user.TC_Wishlist_Compare_Recent_View.TC_03_Check_Empty_Wishlist(java.lang.reflect.Method)]]>
              </value>
            </param>
          </params>
          <reporter-output>
          </reporter-output>
        </test-method> <!-- TC_03_Check_Empty_Wishlist -->
        <test-method is-config="true" signature="afterClass()[pri:0, instance:com.nopcommerce.user.TC_Wishlist_Compare_Recent_View@46d9aec8]" started-at="2022-06-02T17:12:08Z" name="afterClass" finished-at="2022-06-02T17:12:08Z" duration-ms="673" status="PASS">
          <reporter-output>
            <line>
              <![CDATA[[INFO ] [2022-06-03 00:12:08,151] OS name = windows 10
<br>]]>
            </line>
            <line>
              <![CDATA[[INFO ] [2022-06-03 00:12:08,152] Driver instance name = chromedriver: chrome on windows (1a517536baa98dd5b2b315991c62b3cf)
<br>]]>
            </line>
          </reporter-output>
        </test-method> <!-- afterClass -->
        <test-method is-config="true" signature="cleanExecutableDriver()[pri:0, instance:com.nopcommerce.user.TC_Wishlist_Compare_Recent_View@46d9aec8]" started-at="2022-06-02T17:12:08Z" name="cleanExecutableDriver" finished-at="2022-06-02T17:12:08Z" duration-ms="48" status="PASS">
          <reporter-output>
            <line>
              <![CDATA[[INFO ] [2022-06-03 00:12:08,836] Close all drivers after suite
<br>]]>
            </line>
            <line>
              <![CDATA[[INFO ] [2022-06-03 00:12:08,836] OS name = windows 10
<br>]]>
            </line>
            <line>
              <![CDATA[[INFO ] [2022-06-03 00:12:08,836] Driver instance name = chromedriver: chrome on windows (null)
<br>]]>
            </line>
            <line>
              <![CDATA[[INFO ] [2022-06-03 00:12:08,837] Session ID is null. Using WebDriver after calling quit()?
Build info: version: '3.141.59', revision: 'e82be7d358', time: '2018-11-14T08:17:03'
System info: host: 'ADMIN', ip: '192.168.1.106', os.name: 'Windows 10', os.arch: 'amd64', os.version: '10.0', java.version: '15.0.2'
Driver info: driver.version: RemoteWebDriver
<br>]]>
            </line>
          </reporter-output>
        </test-method> <!-- cleanExecutableDriver -->
      </class> <!-- com.nopcommerce.user.TC_Wishlist_Compare_Recent_View -->
    </test> <!-- Default test -->
  </suite> <!-- Default suite -->
</testng-results>
